Added Component: Designator=Q?(*SOIC127P600X175-8N)
Add component (AddParameter): Name = "LatestRevisionDate"; Value = "17-Jul-2002"; VariantName = "[No Variations]"
Add component (AddParameter): Name = "LatestRevisionNote"; Value = "Re-released for DXP Platform."; VariantName = "[No Variations]"
Add component (AddParameter): Name = "PackageDescription"; Value = "TO, Flat Index; 3 In-Line, Axial Leads; Body Dia. 4.6mm; Lead Dia. 0.5 mm (max)"; VariantName = "[No Variations]"
Add component (AddParameter): Name = "PackageReference"; Value = "E3"; VariantName = "[No Variations]"
Add component (AddParameter): Name = "PackageVersion"; Value = "1995/1996"; VariantName = "[No Variations]"
Add component (AddParameter): Name = "Published"; Value = "8-Jun-2000"; VariantName = "[No Variations]"
Add component (AddParameter): Name = "Publisher"; Value = "Altium Limited"; VariantName = "[No Variations]"
Add component (AddParameter): Name = "SPN"; Value = "FDS6690ASCT-ND"; VariantName = "[No Variations]"
Add component (AddParameter): Name = "Supplier 1"; Value = "Digi-Key"; VariantName = "[No Variations]"
Add component (AddParameter): Name = "Supplier Part Number 1"; Value = "FDS6690ASCT-ND"; VariantName = "[No Variations]"
Added Pin To Net: NetName=Vin Pin=Q?-1
Added Pin To Net: NetName=Vin Pin=Q?-1
Added Pin To Net: NetName=Vin Pin=Q?-1
Added Pin To Net: NetName=Vin Pin=Q?-1
Added Pin To Net: NetName=SW1 Pin=Q?-3
Added Pin To Net: NetName=SW1 Pin=Q?-3
Added Pin To Net: NetName=SW1 Pin=Q?-3
Added Pin To Net: NetName=NetQ?_2 Pin=Q?-2
Added Pin To Net: NetName=NetQ?_2 Pin=U1-26
Added Net: Name=NetQ?_2
Added Member To Class: ClassName=Regulators1 Member=Component Q? MOSFET-N
