Removed Pin From Net: NetName=VOUT1 Pin=L3-1
Removed Pin From Net: NetName=SW1 Pin=L3-2
Removed Pin From Net: NetName=VOUT2 Pin=L4-1
Removed Pin From Net: NetName=SW2 Pin=L4-2
Removed Member From Class: ClassName=Regulators1 Member=L3
Removed Member From Class: ClassName=Regulators1 Member=L4
Removed Member From Class: ClassName=Regulators1 Member=L?
Change Component Designator: OldDesignator=Q? NewDesignator=Q2
Added Component: Designator=L1(WE-HCI-1890)
Add component (AddParameter): Name = "ComponentLink1Description"; Value = "Manufacturer Link"; VariantName = "[No Variations]"
Add component (AddParameter): Name = "ComponentLink1URL"; Value = "http://www.we-online.com"; VariantName = "[No Variations]"
Add component (AddParameter): Name = "ComponentLink2Description"; Value = "Datasheet"; VariantName = "[No Variations]"
Add component (AddParameter): Name = "ComponentLink2URL"; Value = "http://www.we-online.de/katalog/media/pdf/74435572200.pdf"; VariantName = "[No Variations]"
Add component (AddParameter): Name = "DatasheetVersion"; Value = "ver 2, Nov-2009"; VariantName = "[No Variations]"
Add component (AddParameter): Name = "Inductance"; Value = "22.0 µH"; VariantName = "[No Variations]"
Add component (AddParameter): Name = "PackageDescription"; Value = "Inductor, 2-Leads, Body 18.3 x 18.2 mm"; VariantName = "[No Variations]"
Add component (AddParameter): Name = "PackageReference"; Value = "WE-HCI-1890"; VariantName = "[No Variations]"
Add component (AddParameter): Name = "PackageVersion"; Value = "2009"; VariantName = "[No Variations]"
Added Component: Designator=L2(WE-HCI-1890)
Add component (AddParameter): Name = "ComponentLink1Description"; Value = "Manufacturer Link"; VariantName = "[No Variations]"
Add component (AddParameter): Name = "ComponentLink1URL"; Value = "http://www.we-online.com"; VariantName = "[No Variations]"
Add component (AddParameter): Name = "ComponentLink2Description"; Value = "Datasheet"; VariantName = "[No Variations]"
Add component (AddParameter): Name = "ComponentLink2URL"; Value = "http://www.we-online.de/katalog/media/pdf/74435571500.pdf"; VariantName = "[No Variations]"
Add component (AddParameter): Name = "DatasheetVersion"; Value = "ver 2, Nov-2009"; VariantName = "[No Variations]"
Add component (AddParameter): Name = "Inductance"; Value = "15.0 µH"; VariantName = "[No Variations]"
Add component (AddParameter): Name = "PackageDescription"; Value = "Inductor, 2-Leads, Body 18.3 x 18.2 mm"; VariantName = "[No Variations]"
Add component (AddParameter): Name = "PackageReference"; Value = "WE-HCI-1890"; VariantName = "[No Variations]"
Add component (AddParameter): Name = "PackageVersion"; Value = "2009"; VariantName = "[No Variations]"
Added Pin To Net: NetName=VOUT2 Pin=L1-1
Added Pin To Net: NetName=SW2 Pin=L1-2
Added Pin To Net: NetName=SW1 Pin=L2-1
Added Pin To Net: NetName=VOUT1 Pin=L2-2
Change Net Name : Old Net Name=NetQ?_2 New Net Name=NetQ2_2
Added Member To Class: ClassName=Regulators1 Member=Component L1 74435572200
Added Member To Class: ClassName=Regulators1 Member=Component L2 74435571500
