Added Component: Designator=P?(HDR1X5)
Add component (AddParameter): Name = "LatestRevisionDate"; Value = "17-Jul-2002"; VariantName = "[No Variations]"
Add component (AddParameter): Name = "LatestRevisionNote"; Value = "Re-released for DXP Platform."; VariantName = "[No Variations]"
Add component (AddParameter): Name = "Publisher"; Value = "Altium Limited"; VariantName = "[No Variations]"
Added Component: Designator=P?(TECO-1734351-1_V)
Add component (AddParameter): Name = "Catalog Drawings"; Value = "AMPD-SubMale.318"; VariantName = "[No Variations]"
Add component (AddParameter): Name = "Category"; Value = "Connectors,Interconnects"; VariantName = "[No Variations]"
Add component (AddParameter): Name = "Color"; Value = "Black"; VariantName = "[No Variations]"
Add component (AddParameter): Name = "Connector Style"; Value = "D-Sub"; VariantName = "[No Variations]"
Add component (AddParameter): Name = "Connector Type"; Value = "Plug,MalePins"; VariantName = "[No Variations]"
Add component (AddParameter): Name = "Contact Finish"; Value = "Gold"; VariantName = "[No Variations]"
Add component (AddParameter): Name = "Contact Finish Thickness"; Value = "Flash"; VariantName = "[No Variations]"
Add component (AddParameter): Name = "Contact Type"; Value = "Signal"; VariantName = "[No Variations]"
Add component (AddParameter): Name = "Current Rating"; Value = "2A"; VariantName = "[No Variations]"
Add component (AddParameter): Name = "Datasheet URL"; Value = "https://datasheet.ciiva.com/16313/1734351-1-16313204.pdf"; VariantName = "[No Variations]"
Add component (AddParameter): Name = "Datasheet Version"; Value = "Rev. A1, 03/2011"; VariantName = "[No Variations]"
Add component (AddParameter): Name = "Dynamic Catalog"; Value = "AMPLIMITEHD-20Series"; VariantName = "[No Variations]"
Add component (AddParameter): Name = "Family"; Value = "D-SubConnectors"; VariantName = "[No Variations]"
Add component (AddParameter): Name = "Featured Product"; Value = "AMPLIMITED-SubminiatureConnectors"; VariantName = "[No Variations]"
Add component (AddParameter): Name = "Features"; Value = "BoardLock,GroundingIndents"; VariantName = "[No Variations]"
Add component (AddParameter): Name = "Flange Feature"; Value = "MatingSide;FemaleScrewlock(4-40)"; VariantName = "[No Variations]"
Add component (AddParameter): Name = "Housing Material"; Value = "PolybutyleneTerephthalate(PBT)"; VariantName = "[No Variations]"
Add component (AddParameter): Name = "Manufacturer"; Value = "TE Connectivity"; VariantName = "[No Variations]"
Add component (AddParameter): Name = "Manufacturer URL"; Value = "http://www.te.com/"; VariantName = "[No Variations]"
Add component (AddParameter): Name = "Mating Products"; Value = "5746861-4-ND
-CONNRECEPT9POSGOLDIDC
AFL09B-ND
-CONND-SUBRECEPT9POS30GOLD"; VariantName = "[No Variations]"
Add component (AddParameter): Name = "Mounting Technology"; Value = "ThroughHole"; VariantName = "[No Variations]"
Add component (AddParameter): Name = "Mounting Type"; Value = "ThroughHole,RightAngle"; VariantName = "[No Variations]"
Add component (AddParameter): Name = "Number of Positions"; Value = "9"; VariantName = "[No Variations]"
Add component (AddParameter): Name = "Number of Rows"; Value = "2"; VariantName = "[No Variations]"
Add component (AddParameter): Name = "Operating Temperature"; Value = "-55°C~105°C"; VariantName = "[No Variations]"
Add component (AddParameter): Name = "Other Names"; Value = "A35105"; VariantName = "[No Variations]"
Add component (AddParameter): Name = "Package Description"; Value = "Male Header, Pitch 2.77 mm, 9 Way, Height 12.75 mm, Tail Length 3.2 mm"; VariantName = "[No Variations]"
Add component (AddParameter): Name = "Package Reference"; Value = "1734351-1"; VariantName = "[No Variations]"
Add component (AddParameter): Name = "Product Training Modules"; Value = "AMPLIMITED-SubConnectors"; VariantName = "[No Variations]"
Add component (AddParameter): Name = "RoHS Information"; Value = "1734351-1StatementofCompliance"; VariantName = "[No Variations]"
Add component (AddParameter): Name = "Series"; Value = "AMPLIMITEHD-20"; VariantName = "[No Variations]"
Add component (AddParameter): Name = "Shell Material, Finish"; Value = "Steel,NickelPlated"; VariantName = "[No Variations]"
Add component (AddParameter): Name = "Shell Size, Connector Layout"; Value = "1(DE,E)"; VariantName = "[No Variations]"
Add component (AddParameter): Name = "Standard Package"; Value = "90"; VariantName = "[No Variations]"
Add component (AddParameter): Name = "Termination"; Value = "Solder"; VariantName = "[No Variations]"
Add component (AddParameter): Name = "Voltage Rating"; Value = "250V"; VariantName = "[No Variations]"
Added Member To Class: ClassName=Regulators1 Member=Component P? Header 2
Added Member To Class: ClassName=Regulators1 Member=Component P? Header 6
Added Member To Class: ClassName=Regulators1 Member=Component P? 1734351-1
Added Member To Class: ClassName=Regulators1 Member=Component P? Header 6
