Change Physical Footprint: Designator=1 Old Footprint=WM4900-ND New Footprint=WM4900-ND
Change Physical Footprint: Designator=2 Old Footprint=WM4900-ND New Footprint=WM4900-ND
Change Physical Footprint: Designator=C1 Old Footprint=1u50VcapE New Footprint=1u50VcapE
Change Physical Footprint: Designator=C2 Old Footprint=1608[0603] New Footprint=1608[0603]
Change Physical Footprint: Designator=C3 Old Footprint=1608[0603] New Footprint=1608[0603]
Change Physical Footprint: Designator=C4 Old Footprint=22u16VcapE New Footprint=22u16VcapE
Change Physical Footprint: Designator=C5 Old Footprint=22u16VcapE New Footprint=22u16VcapE
Change Physical Footprint: Designator=C6 Old Footprint=1608[0603] New Footprint=1608[0603]
Change Physical Footprint: Designator=C7 Old Footprint=1608[0603] New Footprint=1608[0603]
Change Physical Footprint: Designator=C8 Old Footprint=1608[0603] New Footprint=1608[0603]
Change Physical Footprint: Designator=C9 Old Footprint=1608[0603] New Footprint=1608[0603]
Change Physical Footprint: Designator=C10 Old Footprint=CAPAE660X800N New Footprint=CAPAE660X800N
Change Physical Footprint: Designator=C11 Old Footprint=CAPAE660X800N New Footprint=CAPAE660X800N
Change Physical Footprint: Designator=C12 Old Footprint=1608[0603] New Footprint=1608[0603]
Change Physical Footprint: Designator=C13 Old Footprint=1608[0603] New Footprint=1608[0603]
Change Physical Footprint: Designator=C14 Old Footprint=1608[0603] New Footprint=1608[0603]
Change Physical Footprint: Designator=C15 Old Footprint=1608[0603] New Footprint=1608[0603]
Change Physical Footprint: Designator=C16 Old Footprint=1608[0603] New Footprint=1608[0603]
Change Physical Footprint: Designator=C17 Old Footprint=1608[0603] New Footprint=1608[0603]
Change Physical Footprint: Designator=C18 Old Footprint=1608[0603] New Footprint=1608[0603]
Change Physical Footprint: Designator=C19 Old Footprint=1608[0603] New Footprint=1608[0603]
Change Physical Footprint: Designator=C20 Old Footprint=1608[0603] New Footprint=1608[0603]
Change Physical Footprint: Designator=D1 Old Footprint=*DIOM5227X270N_S1M(Primary) New Footprint=*DIOM5227X270N_S1M(Primary)
Change Physical Footprint: Designator=D2 Old Footprint=*DIOM5227X270N_S1M(Primary) New Footprint=*DIOM5227X270N_S1M(Primary)
Change Physical Footprint: Designator=L1 Old Footprint=Inductor New Footprint=Inductor
Change Physical Footprint: Designator=L2 Old Footprint=Inductor New Footprint=Inductor
Change Physical Footprint: Designator=P? Old Footprint=CONN_3-338168-2 New Footprint=CONN_3-338168-2
Change Physical Footprint: Designator=Q1 Old Footprint=SO8_L New Footprint=SO8_L
Change Physical Footprint: Designator=Q2 Old Footprint=SO8_L New Footprint=SO8_L
Change Physical Footprint: Designator=Q3 Old Footprint=SO8_L New Footprint=SO8_L
Change Physical Footprint: Designator=Q4 Old Footprint=SO8_L New Footprint=SO8_L
Change Physical Footprint: Designator=R1 Old Footprint=1608[0603] New Footprint=1608[0603]
Change Physical Footprint: Designator=R2 Old Footprint=1608[0603] New Footprint=1608[0603]
Change Physical Footprint: Designator=R3 Old Footprint=1608[0603] New Footprint=1608[0603]
Change Physical Footprint: Designator=R4 Old Footprint=1608[0603] New Footprint=1608[0603]
Change Physical Footprint: Designator=R5 Old Footprint=1608[0603] New Footprint=1608[0603]
Change Physical Footprint: Designator=R6 Old Footprint=1608[0603] New Footprint=1608[0603]
Change Physical Footprint: Designator=R7 Old Footprint=1608[0603] New Footprint=1608[0603]
Change Physical Footprint: Designator=R8 Old Footprint=1608[0603] New Footprint=1608[0603]
Change Physical Footprint: Designator=R9 Old Footprint=1608[0603] New Footprint=1608[0603]
Change Physical Footprint: Designator=R10 Old Footprint=1608[0603] New Footprint=1608[0603]
Change Physical Footprint: Designator=R11 Old Footprint=1608[0603] New Footprint=1608[0603]
Change Physical Footprint: Designator=R12 Old Footprint=1608[0603] New Footprint=1608[0603]
Change Physical Footprint: Designator=R13 Old Footprint=1608[0603] New Footprint=1608[0603]
Change Physical Footprint: Designator=R14 Old Footprint=1608[0603] New Footprint=1608[0603]
