Removed Pin From Net: NetName=VOUT1 Pin=1-1
Removed Pin From Net: NetName=GND Pin=1-2
Removed Pin From Net: NetName=VOUT2 Pin=2-1
Removed Pin From Net: NetName=GND Pin=2-2
Removed Member From Class: ClassName=Regulators1 Member=1
Removed Member From Class: ClassName=Regulators1 Member=2
Change Component Comment : Designator=P1 Old Comment=Header 9 New Comment=3-338168-2
Change component parameters: Designator = "P1" ("P1"); Footprint = "CONN_3-338168-2"; UniqueID = "\SLDLOQVJ" ("\SLDLOQVJ")
Change component parameters (AddParameter): Name = "LatestRevisionDate"; Value = "17-Jul-2002"; VariantName = "[No Variations]"
Change component parameters (AddParameter): Name = "LatestRevisionNote"; Value = "Re-released for DXP Platform."; VariantName = "[No Variations]"
Change component parameters (AddParameter): Name = "MPN"; Value = "3-338168-2"; VariantName = "[No Variations]"
Change component parameters (AddParameter): Name = "Publisher"; Value = "Altium Limited"; VariantName = "[No Variations]"
Change component parameters (AddParameter): Name = "SPN"; Value = "A105035-ND"; VariantName = "[No Variations]"
Change component parameters (AddParameter): Name = "Supplier 1"; Value = "Digi-Key"; VariantName = "[No Variations]"
Change component parameters (AddParameter): Name = "Supplier Part Number 1"; Value = "A105035-ND"; VariantName = "[No Variations]"
Added Component: Designator=P2(WM4900-ND)
Add component (AddParameter): Name = "LatestRevisionDate"; Value = "17-Jul-2002"; VariantName = "[No Variations]"
Add component (AddParameter): Name = "LatestRevisionNote"; Value = "Re-released for DXP Platform."; VariantName = "[No Variations]"
Add component (AddParameter): Name = "Publisher"; Value = "Altium Limited"; VariantName = "[No Variations]"
Add component (AddParameter): Name = "Supplier 1"; Value = "Digi-Key"; VariantName = "[No Variations]"
Add component (AddParameter): Name = "Supplier Part Number 1"; Value = "WM4900-ND"; VariantName = "[No Variations]"
Added Component: Designator=P3(WM4900-ND)
Add component (AddParameter): Name = "LatestRevisionDate"; Value = "17-Jul-2002"; VariantName = "[No Variations]"
Add component (AddParameter): Name = "LatestRevisionNote"; Value = "Re-released for DXP Platform."; VariantName = "[No Variations]"
Add component (AddParameter): Name = "Publisher"; Value = "Altium Limited"; VariantName = "[No Variations]"
Add component (AddParameter): Name = "Supplier 1"; Value = "Digi-Key"; VariantName = "[No Variations]"
Add component (AddParameter): Name = "Supplier Part Number 1"; Value = "WM4900-ND"; VariantName = "[No Variations]"
Added Pin To Net: NetName=VOUT1 Pin=P2-1
Added Pin To Net: NetName=GND Pin=P2-2
Added Pin To Net: NetName=GND Pin=P3-1
Added Pin To Net: NetName=VOUT2 Pin=P3-2
Added Member To Class: ClassName=Regulators1 Member=Component P2 Header 2
Added Member To Class: ClassName=Regulators1 Member=Component P3 Header 2
