Removed Pin From Net: NetName=Vin Pin=C1-2
Removed Pin From Net: NetName=Vin Pin=C2-2
Removed Pin From Net: NetName=GND Pin=C?-1
Removed Pin From Net: NetName=GND Pin=C?-1
Removed Pin From Net: NetName=Vin Pin=D?-2
Removed Pin From Net: NetName=GND Pin=J2-1
Removed Pin From Net: NetName=GND Pin=J4-1
Removed Pin From Net: NetName=Vin Pin=Q1-5
Removed Pin From Net: NetName=Vin Pin=Q1-6
Removed Pin From Net: NetName=Vin Pin=Q1-7
Removed Pin From Net: NetName=Vin Pin=Q1-8
Removed Pin From Net: NetName=Vin Pin=Q1-9
Removed Pin From Net: NetName=Vin Pin=Q2-5
Removed Pin From Net: NetName=Vin Pin=Q2-6
Removed Pin From Net: NetName=Vin Pin=Q2-7
Removed Pin From Net: NetName=Vin Pin=Q2-8
Removed Pin From Net: NetName=Vin Pin=Q2-9
Removed Pin From Net: NetName=GND Pin=Q?-2
Removed Pin From Net: NetName=Vin Pin=Q?-5
Removed Pin From Net: NetName=Vin Pin=Q?-6
Removed Pin From Net: NetName=Vin Pin=Q?-6
Removed Pin From Net: NetName=Vin Pin=Q?-7
Removed Pin From Net: NetName=Vin Pin=Q?-8
Removed Pin From Net: NetName=Vin Pin=Q?-9
Removed Pin From Net: NetName=GND Pin=R1-2
Removed Pin From Net: NetName=GND Pin=R2-2
Removed Pin From Net: NetName=GND Pin=R?-1
Removed Pin From Net: NetName=GND Pin=R?-1
Removed Pin From Net: NetName=Vin Pin=R?-1
Removed Pin From Net: NetName=Vin Pin=R?-2
Removed Pin From Net: NetName=Vin Pin=U1-8
Removed Pin From Net: NetName=Vin Pin=U2-8
Removed Pin From Net: NetName=Vin Pin=U?-4
