Added Component: Designator=U1(MSOP-8_MS)
Add component. Clean all parameters for all variants
Add component (AddParameter): Name = "Built_By"; Value = "EMA_UL_Team"; VariantName = "[No Variations]"
Add component (AddParameter): Name = "Copyright"; Value = "Copyright (C) 2018 Accelerated Designs. All rights reserved"; VariantName = "[No Variations]"
Add component (AddParameter): Name = "Manufacturer_Part_Number"; Value = "LTC4359IMS8#PBF"; VariantName = "[No Variations]"
Add component (AddParameter): Name = "RefDes"; Value = "RefDes"; VariantName = "[No Variations]"
Add component (AddParameter): Name = "Type"; Value = "DEV"; VariantName = "[No Variations]"
Add component (AddParameter): Name = "Value"; Value = "Value"; VariantName = "[No Variations]"
Add component (AddParameter): Name = "Vendor"; Value = "Linear Technology"; VariantName = "[No Variations]"
Added Component: Designator=U2(MSOP-8_MS)
Add component. Clean all parameters for all variants
Add component (AddParameter): Name = "Built_By"; Value = "EMA_UL_Team"; VariantName = "[No Variations]"
Add component (AddParameter): Name = "Copyright"; Value = "Copyright (C) 2018 Accelerated Designs. All rights reserved"; VariantName = "[No Variations]"
Add component (AddParameter): Name = "Manufacturer_Part_Number"; Value = "LTC4359IMS8#PBF"; VariantName = "[No Variations]"
Add component (AddParameter): Name = "RefDes"; Value = "RefDes"; VariantName = "[No Variations]"
Add component (AddParameter): Name = "Type"; Value = "DEV"; VariantName = "[No Variations]"
Add component (AddParameter): Name = "Value"; Value = "Value"; VariantName = "[No Variations]"
Add component (AddParameter): Name = "Vendor"; Value = "Linear Technology"; VariantName = "[No Variations]"
Added Pin To Net: NetName=NetC1_1 Pin=U1-6
Added Net: Name=NetC1_1
Added Pin To Net: NetName=NetC1_2 Pin=U1-8
Added Pin To Net: NetName=NetC1_2 Pin=U2-8
Added Net: Name=NetC1_2
Added Pin To Net: NetName=NetC2_1 Pin=U2-6
Added Net: Name=NetC2_1
Added Pin To Net: NetName=NetD1_2 Pin=U1-2
Added Pin To Net: NetName=NetD1_2 Pin=U1-4
Added Pin To Net: NetName=NetD1_2 Pin=U1-5
Added Net: Name=NetD1_2
Added Pin To Net: NetName=NetD2_2 Pin=U2-2
Added Pin To Net: NetName=NetD2_2 Pin=U2-4
Added Pin To Net: NetName=NetD2_2 Pin=U2-5
Added Net: Name=NetD2_2
Added Pin To Net: NetName=NetQ1_4 Pin=U1-1
Added Net: Name=NetQ1_4
Added Pin To Net: NetName=NetQ2_4 Pin=U2-1
Added Net: Name=NetQ2_4
Added Class: Name=Redundant Batteries
Added Room: Name=Redundant Batteries
