Added Component: Designator=5Vout(*CONN_282836-2)
Added Component: Designator=12Vout(*CONN_282836-2)
Added Component: Designator=C1(PCAP_4x5.4-ELE01)
Added Component: Designator=C2(1608[0603])
Added Component: Designator=C5(1608[0603])
Added Component: Designator=C6(U2-I-M)
Added Component: Designator=C7(1608[0603])
Added Component: Designator=C8(*CAPAE660X800N)
Added Component: Designator=C11(1608[0603])
Added Component: Designator=C12(1608[0603])
Added Component: Designator=C13(1608[0603])
Added Component: Designator=C16(U2-I-M)
Added Component: Designator=C17(1608[0603])
Added Component: Designator=C19A(1608[0603])
Added Component: Designator=C19B(1608[0603])
Added Component: Designator=C20A(1608[0603])
Added Component: Designator=C20B(1608[0603])
Added Component: Designator=C22(*CAPAE660X800N)
Added Component: Designator=C25(1608[0603])
Added Component: Designator=C26(1608[0603])
Added Component: Designator=C27(1608[0603])
Added Component: Designator=C34(1608[0603])
Added Component: Designator=D3(ONSC-SOT-23-3-318-08_V)
Added Component: Designator=D4(*DIOM5227X270N_S1M(Primary))
Added Component: Designator=D5(*DIOM5227X270N_S1M(Primary))
Added Component: Designator=L1(Inductor)
Added Component: Designator=L2(Inductor)
Added Component: Designator=Q1(SO8_L)
Added Component: Designator=Q2(SO8_L)
Added Component: Designator=Q3(SO8_L)
Added Component: Designator=Q4(SO8_L)
Added Component: Designator=R1(1608[0603])
Added Component: Designator=R10(1608[0603])
Added Component: Designator=R11(1608[0603])
Added Component: Designator=R13(1608[0603])
Added Component: Designator=R19(1608[0603])
Added Component: Designator=R20(1608[0603])
Added Component: Designator=R23A(1608[0603])
Added Component: Designator=R23B(1608[0603])
Added Component: Designator=R24A(1608[0603])
Added Component: Designator=R24B(1608[0603])
Added Component: Designator=R27(1608[0603])
Added Component: Designator=R28(1608[0603])
Added Component: Designator=R32(1608[0603])
Added Component: Designator=R33(1608[0603])
Added Component: Designator=U1(MTC28_N)
Added Component: Designator=Vin(*CONN_282836-2)
Added Pin To Net: NetName=+5 Pin=5Vout-1
Added Pin To Net: NetName=+5 Pin=C8-1
Added Pin To Net: NetName=+5 Pin=R10-2
Added Net: Name=+5
Added Pin To Net: NetName=+12 Pin=12Vout-1
Added Pin To Net: NetName=+12 Pin=C22-1
Added Pin To Net: NetName=+12 Pin=R19-2
Added Net: Name=+12
Added Pin To Net: NetName=CBOOT1 Pin=C7-1
Added Pin To Net: NetName=CBOOT1 Pin=D3-1
Added Pin To Net: NetName=CBOOT1 Pin=U1-25
Added Net: Name=CBOOT1
Added Pin To Net: NetName=CBOOT2 Pin=C25-1
Added Pin To Net: NetName=CBOOT2 Pin=D3-2
Added Pin To Net: NetName=CBOOT2 Pin=U1-18
Added Net: Name=CBOOT2
Added Pin To Net: NetName=CH2_EN Pin=C12-2
Added Pin To Net: NetName=CH2_EN Pin=R28-2
Added Pin To Net: NetName=CH2_EN Pin=U1-5
Added Pin To Net: NetName=CH2_EN Pin=U1-10
Added Net: Name=CH2_EN
Added Pin To Net: NetName=GND Pin=5Vout-2
Added Pin To Net: NetName=GND Pin=12Vout-2
Added Pin To Net: NetName=GND Pin=C1-2
Added Pin To Net: NetName=GND Pin=C5-1
Added Pin To Net: NetName=GND Pin=C6-2
Added Pin To Net: NetName=GND Pin=C8-2
Added Pin To Net: NetName=GND Pin=C11-1
Added Pin To Net: NetName=GND Pin=C12-1
Added Pin To Net: NetName=GND Pin=C16-2
Added Pin To Net: NetName=GND Pin=C17-1
Added Pin To Net: NetName=GND Pin=C22-2
Added Pin To Net: NetName=GND Pin=C26-1
Added Pin To Net: NetName=GND Pin=C27-1
Added Pin To Net: NetName=GND Pin=C34-1
Added Pin To Net: NetName=GND Pin=Q2-3
Added Pin To Net: NetName=GND Pin=Q4-3
Added Pin To Net: NetName=GND Pin=R11-1
Added Pin To Net: NetName=GND Pin=R20-1
Added Pin To Net: NetName=GND Pin=R23A-1
Added Pin To Net: NetName=GND Pin=R23B-1
Added Pin To Net: NetName=GND Pin=R24A-1
Added Pin To Net: NetName=GND Pin=R24B-1
Added Pin To Net: NetName=GND Pin=U1-8
Added Pin To Net: NetName=GND Pin=U1-21
Added Pin To Net: NetName=GND Pin=Vin-2
Added Net: Name=GND
Added Pin To Net: NetName=NetC1_1 Pin=C1-1
Added Pin To Net: NetName=NetC1_1 Pin=C2-2
Added Pin To Net: NetName=NetC1_1 Pin=C5-2
Added Pin To Net: NetName=NetC1_1 Pin=C6-1
Added Pin To Net: NetName=NetC1_1 Pin=C13-2
Added Pin To Net: NetName=NetC1_1 Pin=C16-1
Added Pin To Net: NetName=NetC1_1 Pin=C17-2
Added Pin To Net: NetName=NetC1_1 Pin=Q1-1
Added Pin To Net: NetName=NetC1_1 Pin=Q3-1
Added Pin To Net: NetName=NetC1_1 Pin=R1-2
Added Pin To Net: NetName=NetC1_1 Pin=R13-2
Added Pin To Net: NetName=NetC1_1 Pin=U1-1
Added Pin To Net: NetName=NetC1_1 Pin=U1-14
Added Pin To Net: NetName=NetC1_1 Pin=U1-22
Added Pin To Net: NetName=NetC1_1 Pin=Vin-1
Added Net: Name=NetC1_1
Added Pin To Net: NetName=NetC2_1 Pin=C2-1
Added Pin To Net: NetName=NetC2_1 Pin=R1-1
Added Pin To Net: NetName=NetC2_1 Pin=U1-2
Added Net: Name=NetC2_1
Added Pin To Net: NetName=NetC7_2 Pin=C7-2
Added Pin To Net: NetName=NetC7_2 Pin=R32-1
Added Pin To Net: NetName=NetC7_2 Pin=U1-27
Added Net: Name=NetC7_2
Added Pin To Net: NetName=NetC11_2 Pin=C11-2
Added Pin To Net: NetName=NetC11_2 Pin=U1-9
Added Net: Name=NetC11_2
Added Pin To Net: NetName=NetC13_1 Pin=C13-1
Added Pin To Net: NetName=NetC13_1 Pin=R13-1
Added Pin To Net: NetName=NetC13_1 Pin=U1-13
Added Net: Name=NetC13_1
Added Pin To Net: NetName=NetC19A_1 Pin=C19A-1
Added Pin To Net: NetName=NetC19A_1 Pin=R23A-2
Added Net: Name=NetC19A_1
Added Pin To Net: NetName=NetC19A_2 Pin=C19A-2
Added Pin To Net: NetName=NetC19A_2 Pin=C19B-2
Added Pin To Net: NetName=NetC19A_2 Pin=U1-3
Added Net: Name=NetC19A_2
Added Pin To Net: NetName=NetC19B_1 Pin=C19B-1
Added Pin To Net: NetName=NetC19B_1 Pin=R23B-2
Added Net: Name=NetC19B_1
Added Pin To Net: NetName=NetC20A_1 Pin=C20A-1
Added Pin To Net: NetName=NetC20A_1 Pin=R24A-2
Added Net: Name=NetC20A_1
Added Pin To Net: NetName=NetC20A_2 Pin=C20A-2
Added Pin To Net: NetName=NetC20A_2 Pin=C20B-2
Added Pin To Net: NetName=NetC20A_2 Pin=U1-12
Added Net: Name=NetC20A_2
Added Pin To Net: NetName=NetC20B_1 Pin=C20B-1
Added Pin To Net: NetName=NetC20B_1 Pin=R24B-2
Added Net: Name=NetC20B_1
Added Pin To Net: NetName=NetC25_2 Pin=C25-2
Added Pin To Net: NetName=NetC25_2 Pin=R33-1
Added Pin To Net: NetName=NetC25_2 Pin=U1-16
Added Net: Name=NetC25_2
Added Pin To Net: NetName=NetC34_2 Pin=C34-2
Added Pin To Net: NetName=NetC34_2 Pin=U1-6
Added Net: Name=NetC34_2
Added Pin To Net: NetName=NetD4_1 Pin=Q1-3
Added Pin To Net: NetName=NetD4_1 Pin=Q2-1
Added Pin To Net: NetName=NetD4_1 Pin=R32-2
Added Pin To Net: NetName=NetD4_1 Pin=U1-28
Added Net: Name=NetD4_1
Added Pin To Net: NetName=NetD5_1 Pin=Q3-3
Added Pin To Net: NetName=NetD5_1 Pin=Q4-1
Added Pin To Net: NetName=NetD5_1 Pin=R33-2
Added Pin To Net: NetName=NetD5_1 Pin=U1-15
Added Net: Name=NetD5_1
Added Pin To Net: NetName=NetQ1_2 Pin=Q1-2
Added Pin To Net: NetName=NetQ1_2 Pin=U1-26
Added Net: Name=NetQ1_2
Added Pin To Net: NetName=NetQ2_2 Pin=Q2-2
Added Pin To Net: NetName=NetQ2_2 Pin=U1-23
Added Net: Name=NetQ2_2
Added Pin To Net: NetName=NetQ3_2 Pin=Q3-2
Added Pin To Net: NetName=NetQ3_2 Pin=U1-17
Added Net: Name=NetQ3_2
Added Pin To Net: NetName=NetQ4_2 Pin=Q4-2
Added Pin To Net: NetName=NetQ4_2 Pin=U1-20
Added Net: Name=NetQ4_2
Added Pin To Net: NetName=NetR10_1 Pin=R10-1
Added Pin To Net: NetName=NetR10_1 Pin=R11-2
Added Pin To Net: NetName=NetR10_1 Pin=U1-4
Added Net: Name=NetR10_1
Added Pin To Net: NetName=NetR19_1 Pin=R19-1
Added Pin To Net: NetName=NetR19_1 Pin=R20-2
Added Pin To Net: NetName=NetR19_1 Pin=U1-11
Added Net: Name=NetR19_1
Added Pin To Net: NetName=VDD Pin=C27-2
Added Pin To Net: NetName=VDD Pin=D3-3
Added Pin To Net: NetName=VDD Pin=R27-2
Added Pin To Net: NetName=VDD Pin=U1-19
Added Pin To Net: NetName=VDD Pin=U1-24
Added Net: Name=VDD
Added Pin To Net: NetName=VLIN5 Pin=C26-2
Added Pin To Net: NetName=VLIN5 Pin=R27-1
Added Pin To Net: NetName=VLIN5 Pin=R28-1
Added Pin To Net: NetName=VLIN5 Pin=U1-7
Added Net: Name=VLIN5
