Added Component: Designator=D1(DIODE_DO-214AC)
Add component. Clean all parameters for all variants
Add component (AddParameter): Name = "Code_JEDEC"; Value = "DO-214-AB"; VariantName = "[No Variations]"
Add component (AddParameter): Name = "LatestRevisionDate"; Value = "17-Jul-2002"; VariantName = "[No Variations]"
Add component (AddParameter): Name = "LatestRevisionNote"; Value = "Re-released for DXP Platform."; VariantName = "[No Variations]"
Add component (AddParameter): Name = "PackageDescription"; Value = "DO-214-AB/SMC; 2 C-Bend Leads; Body 7.9 x 5.9 mm, inc. leads (LxW)"; VariantName = "[No Variations]"
Add component (AddParameter): Name = "PackageReference"; Value = "SMC"; VariantName = "[No Variations]"
Add component (AddParameter): Name = "PackageVersion"; Value = "Sep-1996"; VariantName = "[No Variations]"
Add component (AddParameter): Name = "Published"; Value = "8-Jun-2000"; VariantName = "[No Variations]"
Add component (AddParameter): Name = "Publisher"; Value = "Altium Limited"; VariantName = "[No Variations]"
Add component (AddParameter): Name = "SPN"; Value = "SMAJ24CA-E3/61GICT-ND"; VariantName = "[No Variations]"
Added Component: Designator=D2(DIODE_DO-214AC)
Add component. Clean all parameters for all variants
Add component (AddParameter): Name = "Code_JEDEC"; Value = "DO-214-AB"; VariantName = "[No Variations]"
Add component (AddParameter): Name = "LatestRevisionDate"; Value = "17-Jul-2002"; VariantName = "[No Variations]"
Add component (AddParameter): Name = "LatestRevisionNote"; Value = "Re-released for DXP Platform."; VariantName = "[No Variations]"
Add component (AddParameter): Name = "PackageDescription"; Value = "DO-214-AB/SMC; 2 C-Bend Leads; Body 7.9 x 5.9 mm, inc. leads (LxW)"; VariantName = "[No Variations]"
Add component (AddParameter): Name = "PackageReference"; Value = "SMC"; VariantName = "[No Variations]"
Add component (AddParameter): Name = "PackageVersion"; Value = "Sep-1996"; VariantName = "[No Variations]"
Add component (AddParameter): Name = "Published"; Value = "8-Jun-2000"; VariantName = "[No Variations]"
Add component (AddParameter): Name = "Publisher"; Value = "Altium Limited"; VariantName = "[No Variations]"
Add component (AddParameter): Name = "SPN"; Value = "SMAJ24CA-E3/61GICT-ND"; VariantName = "[No Variations]"
Added Component: Designator=Q1(FDMS86101A)
Add component. Clean all parameters for all variants
Add component (AddParameter): Name = "SPN"; Value = "FDMS86101ACT-ND"; VariantName = "[No Variations]"
Added Component: Designator=Q2(FDMS86101A)
Add component. Clean all parameters for all variants
Add component (AddParameter): Name = "SPN"; Value = "FDMS86101ACT-ND"; VariantName = "[No Variations]"
Added Component: Designator=R1(STA_RMCF2512)
Add component. Clean all parameters for all variants
Add component (AddParameter): Name = "LatestRevisionDate"; Value = "17-Jul-2002"; VariantName = "[No Variations]"
Add component (AddParameter): Name = "LatestRevisionNote"; Value = "Re-released for DXP Platform."; VariantName = "[No Variations]"
Add component (AddParameter): Name = "PackageDescription"; Value = "Axial Device, Thru-Hole; 2 Leads; 0.3 in Pin Spacing"; VariantName = "[No Variations]"
Add component (AddParameter): Name = "PackageReference"; Value = "AXIAL-0.3"; VariantName = "[No Variations]"
Add component (AddParameter): Name = "Published"; Value = "8-Jun-2000"; VariantName = "[No Variations]"
Add component (AddParameter): Name = "Publisher"; Value = "Altium Limited"; VariantName = "[No Variations]"
Add component (AddParameter): Name = "SPN"; Value = "RMCF2512JT1K00CT-ND"; VariantName = "[No Variations]"
Add component (AddParameter): Name = "Value"; Value = "1K"; VariantName = "[No Variations]"
Added Component: Designator=R2(STA_RMCF2512)
Add component. Clean all parameters for all variants
Add component (AddParameter): Name = "LatestRevisionDate"; Value = "17-Jul-2002"; VariantName = "[No Variations]"
Add component (AddParameter): Name = "LatestRevisionNote"; Value = "Re-released for DXP Platform."; VariantName = "[No Variations]"
Add component (AddParameter): Name = "PackageDescription"; Value = "Axial Device, Thru-Hole; 2 Leads; 0.3 in Pin Spacing"; VariantName = "[No Variations]"
Add component (AddParameter): Name = "PackageReference"; Value = "AXIAL-0.3"; VariantName = "[No Variations]"
Add component (AddParameter): Name = "Published"; Value = "8-Jun-2000"; VariantName = "[No Variations]"
Add component (AddParameter): Name = "Publisher"; Value = "Altium Limited"; VariantName = "[No Variations]"
Add component (AddParameter): Name = "SPN"; Value = "RMCF2512JT1K00CT-ND"; VariantName = "[No Variations]"
Add component (AddParameter): Name = "Value"; Value = "1K"; VariantName = "[No Variations]"
Added Pin To Net: NetName=NetC1_1 Pin=D1-1
Added Pin To Net: NetName=NetD1_2 Pin=D1-2
Added Pin To Net: NetName=NetC2_1 Pin=D2-1
Added Pin To Net: NetName=NetD2_2 Pin=D2-2
Added Pin To Net: NetName=NetD1_2 Pin=Q1-1
Added Pin To Net: NetName=NetD1_2 Pin=Q1-2
Added Pin To Net: NetName=NetD1_2 Pin=Q1-3
Added Pin To Net: NetName=NetQ1_4 Pin=Q1-4
Added Pin To Net: NetName=NetC1_2 Pin=Q1-5
Added Pin To Net: NetName=NetC1_2 Pin=Q1-6
Added Pin To Net: NetName=NetC1_2 Pin=Q1-7
Added Pin To Net: NetName=NetC1_2 Pin=Q1-8
Added Pin To Net: NetName=NetC1_2 Pin=Q1-9
Added Pin To Net: NetName=NetD2_2 Pin=Q2-1
Added Pin To Net: NetName=NetD2_2 Pin=Q2-2
Added Pin To Net: NetName=NetD2_2 Pin=Q2-3
Added Pin To Net: NetName=NetQ2_4 Pin=Q2-4
Added Pin To Net: NetName=NetC1_2 Pin=Q2-5
Added Pin To Net: NetName=NetC1_2 Pin=Q2-6
Added Pin To Net: NetName=NetC1_2 Pin=Q2-7
Added Pin To Net: NetName=NetC1_2 Pin=Q2-8
Added Pin To Net: NetName=NetC1_2 Pin=Q2-9
Added Pin To Net: NetName=NetC1_1 Pin=R1-1
Added Pin To Net: NetName=GND Pin=R1-2
Added Pin To Net: NetName=NetC2_1 Pin=R2-1
Added Pin To Net: NetName=GND Pin=R2-2
Added Member To Class: ClassName=Redundant Batteries Member=Component D1 SMAJ24CA-E3/61
Added Member To Class: ClassName=Redundant Batteries Member=Component D2 SMAJ24CA-E3/61
Added Member To Class: ClassName=Redundant Batteries Member=Component Q1 FDMS86101A
Added Member To Class: ClassName=Redundant Batteries Member=Component Q2 FDMS86101A
Added Member To Class: ClassName=Redundant Batteries Member=Component R1 Res1
Added Member To Class: ClassName=Redundant Batteries Member=Component R2 Res1
