Removed Member From Class: ClassName=Redundant Batteries Member=C11
Removed Member From Class: ClassName=Redundant Batteries Member=C12
Removed Member From Class: ClassName=Regulators Member=C19B
Removed Member From Class: ClassName=Regulators Member=C27
Removed Member From Class: ClassName=Redundant Batteries Member=D5
Change Component Designator: OldDesignator=5Vout NewDesignator=1
Change Component Designator: OldDesignator=12Vout NewDesignator=2
Change Component Designator: OldDesignator=C1 NewDesignator=C3
Change Component Designator: OldDesignator=C2 NewDesignator=C5
Change Component Designator: OldDesignator=C5 NewDesignator=C9
Change Component Designator: OldDesignator=C6 NewDesignator=C7
Change Component Designator: OldDesignator=C7 NewDesignator=C11
Change Component Designator: OldDesignator=C8 NewDesignator=C12
Change Component Designator: OldDesignator=C11 NewDesignator=C21
Change Component Designator: OldDesignator=C12 NewDesignator=C22
Change Component Designator: OldDesignator=C13 NewDesignator=C4
Change Component Designator: OldDesignator=C16 NewDesignator=C6
Change Component Designator: OldDesignator=C17 NewDesignator=C8
Change Component Designator: OldDesignator=C19A NewDesignator=C15
Change Component Designator: OldDesignator=C19B NewDesignator=C16
Change Component Designator: OldDesignator=C20A NewDesignator=C18
Change Component Designator: OldDesignator=C20B NewDesignator=C19
Change Component Designator: OldDesignator=C22 NewDesignator=C13
Change Component Designator: OldDesignator=C25 NewDesignator=C10
Change Component Designator: OldDesignator=C26 NewDesignator=C20
Change Component Designator: OldDesignator=C27 NewDesignator=C17
Change Component Designator: OldDesignator=C34 NewDesignator=C14
Change Component Designator: OldDesignator=D3 NewDesignator=D5
Change Component Designator: OldDesignator=D5 NewDesignator=D3
Change Component Designator: OldDesignator=L1 NewDesignator=L2
Change Component Designator: OldDesignator=L2 NewDesignator=L1
Change Component Designator: OldDesignator=Q1 NewDesignator=Q4
Change Component Designator: OldDesignator=Q2 NewDesignator=Q6
Change Component Designator: OldDesignator=Q4 NewDesignator=Q5
Change Component Designator: OldDesignator=R1 NewDesignator=R4
Change Component Designator: OldDesignator=R10 NewDesignator=R8
Change Component Designator: OldDesignator=R11 NewDesignator=R9
Change Component Designator: OldDesignator=R13 NewDesignator=R3
Change Component Designator: OldDesignator=R19 NewDesignator=R7
Change Component Designator: OldDesignator=R20 NewDesignator=R10
Change Component Designator: OldDesignator=R23A NewDesignator=R14
Change Component Designator: OldDesignator=R23B NewDesignator=R15
Change Component Designator: OldDesignator=R24A NewDesignator=R13
Change Component Designator: OldDesignator=R24B NewDesignator=R16
Change Component Designator: OldDesignator=R27 NewDesignator=R12
Change Component Designator: OldDesignator=R28 NewDesignator=R11
Change Component Designator: OldDesignator=R32 NewDesignator=R6
Change Component Designator: OldDesignator=R33 NewDesignator=R5
Change Component Designator: OldDesignator=U1 NewDesignator=U3
Change Component Designator: OldDesignator=U4 NewDesignator=U1
Change Component Designator: OldDesignator=U5 NewDesignator=U2
Change Component Designator: OldDesignator=Vin NewDesignator=Vin1
Added Pin To Net: NetName=GND Pin=C21-1
Added Pin To Net: NetName=GND Pin=C22-1
Change Net Name : Old Net Name=NetC2_1 New Net Name=NetC5_1
Change Net Name : Old Net Name=NetC7_2 New Net Name=NetC11_2
Change Net Name : Old Net Name=NetC11_2 New Net Name=NetC21_2
Change Net Name : Old Net Name=NetC13_1 New Net Name=NetC4_1
Change Net Name : Old Net Name=NetC19A_1 New Net Name=NetC15_1
Change Net Name : Old Net Name=NetC19A_2 New Net Name=NetC15_2
Change Net Name : Old Net Name=NetC19B_1 New Net Name=NetC16_1
Change Net Name : Old Net Name=NetC20A_1 New Net Name=NetC18_1
Change Net Name : Old Net Name=NetC20A_2 New Net Name=NetC18_2
Change Net Name : Old Net Name=NetC20B_1 New Net Name=NetC19_1
Change Net Name : Old Net Name=NetC25_2 New Net Name=NetC10_2
Change Net Name : Old Net Name=NetC34_2 New Net Name=NetC14_2
Change Net Name : Old Net Name=NetD5_2 New Net Name=NetD1_2
Change Net Name : Old Net Name=NetD6_2 New Net Name=NetD2_2
Change Net Name : Old Net Name=NetQ1_2 New Net Name=NetQ4_2
Change Net Name : Old Net Name=NetQ2_2 New Net Name=NetQ6_2
Change Net Name : Old Net Name=NetQ4_2 New Net Name=NetQ5_2
Change Net Name : Old Net Name=NetR10_1 New Net Name=NetR8_1
Change Net Name : Old Net Name=NetR19_1 New Net Name=NetR7_1
Added Pin To Net: NetName=NetC1_1 Pin=U1-6
Added Net: Name=NetC1_1
Added Pin To Net: NetName=NetC1_2 Pin=Q1-5
Added Pin To Net: NetName=NetC1_2 Pin=Q1-6
Added Pin To Net: NetName=NetC1_2 Pin=Q1-7
Added Pin To Net: NetName=NetC1_2 Pin=Q1-8
Added Pin To Net: NetName=NetC1_2 Pin=Q1-9
Added Pin To Net: NetName=NetC1_2 Pin=Q2-5
Added Pin To Net: NetName=NetC1_2 Pin=Q2-6
Added Pin To Net: NetName=NetC1_2 Pin=Q2-7
Added Pin To Net: NetName=NetC1_2 Pin=Q2-8
Added Pin To Net: NetName=NetC1_2 Pin=Q2-9
Added Pin To Net: NetName=NetC1_2 Pin=U1-8
Added Pin To Net: NetName=NetC1_2 Pin=U2-8
Added Net: Name=NetC1_2
Added Pin To Net: NetName=NetC2_1 Pin=U2-6
Added Net: Name=NetC2_1
Added Member To Class: ClassName=Regulators Member=Component C21 Cap
Added Member To Class: ClassName=Regulators Member=Component C22 Cap
