Replace Part 5Vout 282836-2 in C:\Users\malco\Documents\School\ELEC 391\WB-AV-Power\Regulators.SchDoc with 282836-2 from TerminalBlockx2.IntLib
Replace Part 12Vout 282836-2 in C:\Users\malco\Documents\School\ELEC 391\WB-AV-Power\Regulators.SchDoc with 282836-2 from TerminalBlockx2.IntLib
Replace Part C1 Cap Pol1 in C:\Users\malco\Documents\School\ELEC 391\WB-AV-Power\Regulators.SchDoc with Cap Pol1 from Miscellaneous Devices.IntLib
Replace Part C2 Cap in C:\Users\malco\Documents\School\ELEC 391\WB-AV-Power\Regulators.SchDoc with Cap from Miscellaneous Devices.IntLib
Replace Part C5 Cap in C:\Users\malco\Documents\School\ELEC 391\WB-AV-Power\Regulators.SchDoc with Cap from Miscellaneous Devices.IntLib
Replace Part C6 Cap Pol1 in C:\Users\malco\Documents\School\ELEC 391\WB-AV-Power\Regulators.SchDoc with Cap Pol1 from Miscellaneous Devices.IntLib
Replace Part C7 Cap in C:\Users\malco\Documents\School\ELEC 391\WB-AV-Power\Regulators.SchDoc with Cap from Miscellaneous Devices.IntLib
Replace Part C8 Cap Pol1 in C:\Users\malco\Documents\School\ELEC 391\WB-AV-Power\Regulators.SchDoc with Cap Pol1 from Miscellaneous Devices.IntLib
Replace Part C11 Cap in C:\Users\malco\Documents\School\ELEC 391\WB-AV-Power\Regulators.SchDoc with Cap from Miscellaneous Devices.IntLib
Replace Part C12 Cap in C:\Users\malco\Documents\School\ELEC 391\WB-AV-Power\Regulators.SchDoc with Cap from Miscellaneous Devices.IntLib
Replace Part C13 Cap in C:\Users\malco\Documents\School\ELEC 391\WB-AV-Power\Regulators.SchDoc with Cap from Miscellaneous Devices.IntLib
Replace Part C16 Cap Pol1 in C:\Users\malco\Documents\School\ELEC 391\WB-AV-Power\Regulators.SchDoc with Cap Pol1 from Miscellaneous Devices.IntLib
Replace Part C17 Cap in C:\Users\malco\Documents\School\ELEC 391\WB-AV-Power\Regulators.SchDoc with Cap from Miscellaneous Devices.IntLib
Replace Part C19A Cap in C:\Users\malco\Documents\School\ELEC 391\WB-AV-Power\Regulators.SchDoc with Cap from Miscellaneous Devices.IntLib
Replace Part C19B Cap in C:\Users\malco\Documents\School\ELEC 391\WB-AV-Power\Regulators.SchDoc with Cap from Miscellaneous Devices.IntLib
Replace Part C20A Cap in C:\Users\malco\Documents\School\ELEC 391\WB-AV-Power\Regulators.SchDoc with Cap from Miscellaneous Devices.IntLib
Replace Part C20B Cap in C:\Users\malco\Documents\School\ELEC 391\WB-AV-Power\Regulators.SchDoc with Cap from Miscellaneous Devices.IntLib
Replace Part C22 Cap Pol1 in C:\Users\malco\Documents\School\ELEC 391\WB-AV-Power\Regulators.SchDoc with Cap Pol1 from Miscellaneous Devices.IntLib
Replace Part C25 Cap in C:\Users\malco\Documents\School\ELEC 391\WB-AV-Power\Regulators.SchDoc with Cap from Miscellaneous Devices.IntLib
Replace Part C26 Cap in C:\Users\malco\Documents\School\ELEC 391\WB-AV-Power\Regulators.SchDoc with Cap from Miscellaneous Devices.IntLib
Replace Part C27 Cap in C:\Users\malco\Documents\School\ELEC 391\WB-AV-Power\Regulators.SchDoc with Cap from Miscellaneous Devices.IntLib
Replace Part C34 Cap in C:\Users\malco\Documents\School\ELEC 391\WB-AV-Power\Regulators.SchDoc with Cap from Miscellaneous Devices.IntLib
Replace Part D3 BAW56LT3 in C:\Users\malco\Documents\School\ELEC 391\WB-AV-Power\Regulators.SchDoc with BAW56LT3 from ON Semi Small Signal Switching Diodes.IntLib
Replace Part D4 Diode 18TQ045 in C:\Users\malco\Documents\School\ELEC 391\WB-AV-Power\Regulators.SchDoc with Diode 18TQ045 from Miscellaneous Devices.IntLib
Replace Part D5 Diode 18TQ045 in C:\Users\malco\Documents\School\ELEC 391\WB-AV-Power\Regulators.SchDoc with Diode 18TQ045 from Miscellaneous Devices.IntLib
Replace Part L1 Inductor in C:\Users\malco\Documents\School\ELEC 391\WB-AV-Power\Regulators.SchDoc with Inductor from Miscellaneous Devices.IntLib
Replace Part L2 Inductor in C:\Users\malco\Documents\School\ELEC 391\WB-AV-Power\Regulators.SchDoc with Inductor from Miscellaneous Devices.IntLib
Replace Part Q1 MOSFET-N in C:\Users\malco\Documents\School\ELEC 391\WB-AV-Power\Regulators.SchDoc with MOSFET-N from Miscellaneous Devices.IntLib
Replace Part Q2 MOSFET-N in C:\Users\malco\Documents\School\ELEC 391\WB-AV-Power\Regulators.SchDoc with MOSFET-N from Miscellaneous Devices.IntLib
Replace Part Q3 MOSFET-N in C:\Users\malco\Documents\School\ELEC 391\WB-AV-Power\Regulators.SchDoc with MOSFET-N from Miscellaneous Devices.IntLib
Replace Part Q4 MOSFET-N in C:\Users\malco\Documents\School\ELEC 391\WB-AV-Power\Regulators.SchDoc with MOSFET-N from Miscellaneous Devices.IntLib
Replace Part R1 Res1 in C:\Users\malco\Documents\School\ELEC 391\WB-AV-Power\Regulators.SchDoc with Res1 from Miscellaneous Devices.IntLib
Replace Part R10 Res1 in C:\Users\malco\Documents\School\ELEC 391\WB-AV-Power\Regulators.SchDoc with Res1 from Miscellaneous Devices.IntLib
Replace Part R11 Res1 in C:\Users\malco\Documents\School\ELEC 391\WB-AV-Power\Regulators.SchDoc with Res1 from Miscellaneous Devices.IntLib
Replace Part R13 Res1 in C:\Users\malco\Documents\School\ELEC 391\WB-AV-Power\Regulators.SchDoc with Res1 from Miscellaneous Devices.IntLib
Replace Part R19 Res1 in C:\Users\malco\Documents\School\ELEC 391\WB-AV-Power\Regulators.SchDoc with Res1 from Miscellaneous Devices.IntLib
Replace Part R20 Res1 in C:\Users\malco\Documents\School\ELEC 391\WB-AV-Power\Regulators.SchDoc with Res1 from Miscellaneous Devices.IntLib
Replace Part R23A Res1 in C:\Users\malco\Documents\School\ELEC 391\WB-AV-Power\Regulators.SchDoc with Res1 from Miscellaneous Devices.IntLib
Replace Part R23B Res1 in C:\Users\malco\Documents\School\ELEC 391\WB-AV-Power\Regulators.SchDoc with Res1 from Miscellaneous Devices.IntLib
Replace Part R24A Res1 in C:\Users\malco\Documents\School\ELEC 391\WB-AV-Power\Regulators.SchDoc with Res1 from Miscellaneous Devices.IntLib
Replace Part R24B Res1 in C:\Users\malco\Documents\School\ELEC 391\WB-AV-Power\Regulators.SchDoc with Res1 from Miscellaneous Devices.IntLib
Replace Part R27 Res1 in C:\Users\malco\Documents\School\ELEC 391\WB-AV-Power\Regulators.SchDoc with Res1 from Miscellaneous Devices.IntLib
Replace Part R28 Res1 in C:\Users\malco\Documents\School\ELEC 391\WB-AV-Power\Regulators.SchDoc with Res1 from Miscellaneous Devices.IntLib
Replace Part R32 Res1 in C:\Users\malco\Documents\School\ELEC 391\WB-AV-Power\Regulators.SchDoc with Res1 from Miscellaneous Devices.IntLib
Replace Part R33 Res1 in C:\Users\malco\Documents\School\ELEC 391\WB-AV-Power\Regulators.SchDoc with Res1 from Miscellaneous Devices.IntLib
Replace Part U1 LM2642MTC/NOPB in C:\Users\malco\Documents\School\ELEC 391\WB-AV-Power\Regulators.SchDoc with LM2642MTC/NOPB from National Semiconductor Switcher.IntLib
Replace Part Vin 282836-2 in C:\Users\malco\Documents\School\ELEC 391\WB-AV-Power\Regulators.SchDoc with 282836-2 from TerminalBlockx2.IntLib
