Change Component Designator: Old Designator=5Vout New Designator=1
Change Component Designator: Old Designator=12Vout New Designator=2
Change Component Designator: Old Designator=C1 New Designator=C3
Change Component Designator: Old Designator=C2 New Designator=C5
Change Component Designator: Old Designator=C5 New Designator=C9
Change Component Designator: Old Designator=C6 New Designator=C7
Change Component Designator: Old Designator=C7 New Designator=C11
Change Component Designator: Old Designator=C8 New Designator=C12
Change Component Designator: Old Designator=C11 New Designator=C21
Change Component Designator: Old Designator=C12 New Designator=C22
Change Component Designator: Old Designator=C13 New Designator=C4
Change Component Designator: Old Designator=C16 New Designator=C6
Change Component Designator: Old Designator=C17 New Designator=C8
Change Component Designator: Old Designator=C19A New Designator=C15
Change Component Designator: Old Designator=C19B New Designator=C16
Change Component Designator: Old Designator=C20A New Designator=C18
Change Component Designator: Old Designator=C20B New Designator=C19
Change Component Designator: Old Designator=C22 New Designator=C13
Change Component Designator: Old Designator=C25 New Designator=C10
Change Component Designator: Old Designator=C26 New Designator=C20
Change Component Designator: Old Designator=C27 New Designator=C17
Change Component Designator: Old Designator=C34 New Designator=C14
Change Component Designator: Old Designator=D3 New Designator=D5
Change Component Designator: Old Designator=D5 New Designator=D3
Change Component Designator: Old Designator=L1 New Designator=L2
Change Component Designator: Old Designator=L2 New Designator=L1
Change Component Designator: Old Designator=Q1 New Designator=Q4
Change Component Designator: Old Designator=Q2 New Designator=Q6
Change Component Designator: Old Designator=Q4 New Designator=Q5
Change Component Designator: Old Designator=R1 New Designator=R4
Change Component Designator: Old Designator=R10 New Designator=R8
Change Component Designator: Old Designator=R11 New Designator=R9
Change Component Designator: Old Designator=R13 New Designator=R3
Change Component Designator: Old Designator=R19 New Designator=R7
Change Component Designator: Old Designator=R20 New Designator=R10
Change Component Designator: Old Designator=R23A New Designator=R14
Change Component Designator: Old Designator=R23B New Designator=R15
Change Component Designator: Old Designator=R24A New Designator=R13
Change Component Designator: Old Designator=R24B New Designator=R16
Change Component Designator: Old Designator=R27 New Designator=R12
Change Component Designator: Old Designator=R28 New Designator=R11
Change Component Designator: Old Designator=R32 New Designator=R6
Change Component Designator: Old Designator=R33 New Designator=R5
Change Component Designator: Old Designator=U1 New Designator=U3
Change Component Designator: Old Designator=Vin New Designator=Vin1
