Change Component Footprint: Designator=L1 Old Footprint=0402-A New Footprint=Inductor
Change Component Footprint: Designator=L2 Old Footprint=0402-A New Footprint=Inductor
Change Component Footprint: Designator=R1 Old Footprint=AXIAL-0.3 New Footprint=1608[0603]
Change Component Footprint: Designator=R10 Old Footprint=AXIAL-0.3 New Footprint=1608[0603]
Change Component Footprint: Designator=R11 Old Footprint=AXIAL-0.3 New Footprint=1608[0603]
Change Component Footprint: Designator=R13 Old Footprint=AXIAL-0.3 New Footprint=1608[0603]
Change Component Footprint: Designator=R19 Old Footprint=AXIAL-0.3 New Footprint=1608[0603]
Change Component Footprint: Designator=R20 Old Footprint=AXIAL-0.3 New Footprint=1608[0603]
Change Component Footprint: Designator=R23A Old Footprint=AXIAL-0.3 New Footprint=1608[0603]
Change Component Footprint: Designator=R23B Old Footprint=AXIAL-0.3 New Footprint=1608[0603]
Change Component Footprint: Designator=R24A Old Footprint=AXIAL-0.3 New Footprint=1608[0603]
Change Component Footprint: Designator=R24B Old Footprint=AXIAL-0.3 New Footprint=1608[0603]
Change Component Footprint: Designator=R27 Old Footprint=AXIAL-0.3 New Footprint=1608[0603]
Change Component Footprint: Designator=R28 Old Footprint=AXIAL-0.3 New Footprint=1608[0603]
Change Component Footprint: Designator=R32 Old Footprint=AXIAL-0.3 New Footprint=1608[0603]
Change Component Footprint: Designator=R33 Old Footprint=AXIAL-0.3 New Footprint=1608[0603]
Change Component Footprint: Designator=Q1 Old Footprint=E3 New Footprint=SO8_L
Change Component Footprint: Designator=Q2 Old Footprint=E3 New Footprint=SO8_L
Change Component Footprint: Designator=Q3 Old Footprint=E3 New Footprint=SO8_L
Change Component Footprint: Designator=Q4 Old Footprint=E3 New Footprint=SO8_L
Change Component Footprint: Designator=C2 Old Footprint=RAD-0.3 New Footprint=1608[0603]
Change Component Footprint: Designator=C5 Old Footprint=RAD-0.3 New Footprint=1608[0603]
Change Component Footprint: Designator=C7 Old Footprint=RAD-0.3 New Footprint=1608[0603]
Change Component Footprint: Designator=C11 Old Footprint=RAD-0.3 New Footprint=1608[0603]
Change Component Footprint: Designator=C12 Old Footprint=RAD-0.3 New Footprint=1608[0603]
Change Component Footprint: Designator=C13 Old Footprint=RAD-0.3 New Footprint=1608[0603]
Change Component Footprint: Designator=C17 Old Footprint=RAD-0.3 New Footprint=1608[0603]
Change Component Footprint: Designator=C19A Old Footprint=RAD-0.3 New Footprint=1608[0603]
Change Component Footprint: Designator=C19B Old Footprint=RAD-0.3 New Footprint=1608[0603]
Change Component Footprint: Designator=C20A Old Footprint=RAD-0.3 New Footprint=1608[0603]
Change Component Footprint: Designator=C20B Old Footprint=RAD-0.3 New Footprint=1608[0603]
Change Component Footprint: Designator=C25 Old Footprint=RAD-0.3 New Footprint=1608[0603]
Change Component Footprint: Designator=C26 Old Footprint=RAD-0.3 New Footprint=1608[0603]
Change Component Footprint: Designator=C27 Old Footprint=RAD-0.3 New Footprint=1608[0603]
Change Component Footprint: Designator=C34 Old Footprint=RAD-0.3 New Footprint=1608[0603]
Change Component Footprint: Designator=C1 Old Footprint=RB7.6-15 New Footprint=1u50VcapE
Change Component Footprint: Designator=C6 Old Footprint=RB7.6-15 New Footprint=22u16VcapE
Change Component Footprint: Designator=C16 Old Footprint=RB7.6-15 New Footprint=22u16VcapE
Change Component Footprint: Designator=C8 Old Footprint=RB7.6-15 New Footprint=*CAPAE660X800N
Change Component Footprint: Designator=C22 Old Footprint=RB7.6-15 New Footprint=*CAPAE660X800N
Change Component Footprint: Designator=D4 Old Footprint=TO-220AC New Footprint=*DIOM5227X270N_S1M(Primary)
Change Component Footprint: Designator=D5 Old Footprint=TO-220AC New Footprint=*DIOM5227X270N_S1M(Primary)
Change Component Comment: Designator=D4 Old Comment=Diode 18TQ045 New Comment=Diode MBRS140t3
Change Component Comment: Designator=D5 Old Comment=Diode 18TQ045 New Comment=Diode MBRS140t3
